<?xml version="1.0" encoding="UTF-8"?>
<!-- Generated by org.testng.reporters.JUnitXMLReporter -->
<testsuite ignored="1" hostname="SVROLP04015" failures="0" tests="1" name="Test" time="11.202" errors="0" timestamp="2024-10-07T12:29:48 EEST">
  <testcase classname="testCases.TC002_LoginTest" name="verify_login" time="2.398"/>
  <testcase classname="testCases.TC001_AccountRegistrationTest" name="verify_account_registration" time="0.0">
    <ignored/>
  </testcase> <!-- verify_account_registration -->
</testsuite> <!-- Test -->
