<?xml version="1.0" encoding="UTF-8"?>
<testng-results ignored="0" total="1" passed="1" failed="0" skipped="0">
  <reporter-output>
  </reporter-output>
  <suite started-at="2024-10-07T12:29:36 EEST" name="Master Suite" finished-at="2024-10-07T12:29:47 EEST" duration-ms="11202">
    <groups>
      <group name="sanity">
        <method signature="TC002_LoginTest.verify_login()[pri:0, instance:testCases.TC002_LoginTest@45efc20d]" name="verify_login" class="testCases.TC002_LoginTest"/>
      </group> <!-- sanity -->
      <group name="master">
        <method signature="TC002_LoginTest.verify_login()[pri:0, instance:testCases.TC002_LoginTest@45efc20d]" name="verify_login" class="testCases.TC002_LoginTest"/>
      </group> <!-- master -->
    </groups>
    <test started-at="2024-10-07T12:29:36 EEST" name="Test" finished-at="2024-10-07T12:29:47 EEST" duration-ms="11202">
      <class name="testCases.TC002_LoginTest">
        <test-method is-config="true" signature="setup(java.lang.String,java.lang.String)[pri:0, instance:testCases.TC002_LoginTest@45efc20d]" started-at="2024-10-07T12:29:36 EEST" name="setup" finished-at="2024-10-07T12:29:45 EEST" duration-ms="8393" status="PASS">
          <params>
            <param index="0">
              <value>
                <![CDATA[Windows]]>
              </value>
            </param>
            <param index="1">
              <value>
                <![CDATA[chrome]]>
              </value>
            </param>
          </params>
          <reporter-output>
          </reporter-output>
        </test-method> <!-- setup -->
        <test-method signature="verify_login()[pri:0, instance:testCases.TC002_LoginTest@45efc20d]" started-at="2024-10-07T12:29:45 EEST" name="verify_login" finished-at="2024-10-07T12:29:47 EEST" duration-ms="2398" status="PASS">
          <reporter-output>
          </reporter-output>
        </test-method> <!-- verify_login -->
        <test-method is-config="true" signature="tearDown()[pri:0, instance:testCases.TC002_LoginTest@45efc20d]" started-at="2024-10-07T12:29:47 EEST" name="tearDown" finished-at="2024-10-07T12:29:47 EEST" duration-ms="186" status="PASS">
          <reporter-output>
          </reporter-output>
        </test-method> <!-- tearDown -->
      </class> <!-- testCases.TC002_LoginTest -->
    </test> <!-- Test -->
  </suite> <!-- Master Suite -->
</testng-results>
